<?xml version="1.0" encoding="UTF-8"?>
<!-- Generated by org.testng.reporters.JUnitXMLReporter -->
<testsuite ignored="0" hostname="LAPTOP-Y700" failures="0" tests="5" name="Surefire test" time="0.027" errors="0" timestamp="23 Mar 2020 03:35:08 GMT">
  <testcase classname="MyMavenProjects.AppiumTest" name="NativeApp" time="0.005"/>
  <testcase classname="MyMavenProjects.RESTAPITest" name="deleteTwitter" time="0.001"/>
  <testcase classname="MyMavenProjects.RESTAPITest" name="postJira" time="0.0"/>
  <testcase classname="MyMavenProjects.SeleniumTest" name="BrowserAutomation" time="0.0"/>
  <testcase classname="MyMavenProjects.SeleniumTest" name="elementsUi" time="0.0"/>
</testsuite> <!-- Surefire test -->
