<?xml version="1.0" encoding="UTF-8"?>
<!-- Generated by org.testng.reporters.JUnitXMLReporter -->
<testsuite ignored="0" hostname="LAPTOP-Y700" failures="0" tests="5" name="Test" time="0.034" errors="0" timestamp="23 Mar 2020 04:24:32 GMT">
  <testcase classname="MyMavenProjects.SeleniumTest" name="BrowserAutomation" time="0.006"/>
  <testcase classname="MyMavenProjects.SeleniumTest" name="elementsUi" time="0.0"/>
  <testcase classname="MyMavenProjects.AppiumTest" name="NativeApp" time="0.0"/>
  <testcase classname="MyMavenProjects.RESTAPITest" name="deleteTwitter" time="0.0"/>
  <testcase classname="MyMavenProjects.RESTAPITest" name="postJira" time="0.0"/>
</testsuite> <!-- Test -->
