<?xml version="1.0" encoding="UTF-8"?>
<testng-results ignored="0" total="5" passed="5" failed="0" skipped="0">
  <reporter-output>
  </reporter-output>
  <suite started-at="2020-03-23T04:24:32Z" name="Suite" finished-at="2020-03-23T04:24:32Z" duration-ms="34">
    <groups>
    </groups>
    <test started-at="2020-03-23T04:24:32Z" name="Test" finished-at="2020-03-23T04:24:32Z" duration-ms="34">
      <class name="MyMavenProjects.SeleniumTest">
        <test-method signature="BrowserAutomation()[pri:0, instance:MyMavenProjects.SeleniumTest@611889f4]" started-at="2020-03-23T04:24:32Z" name="BrowserAutomation" finished-at="2020-03-23T04:24:32Z" duration-ms="6" status="PASS">
          <reporter-output>
          </reporter-output>
        </test-method> <!-- BrowserAutomation -->
        <test-method signature="elementsUi()[pri:0, instance:MyMavenProjects.SeleniumTest@611889f4]" started-at="2020-03-23T04:24:32Z" name="elementsUi" finished-at="2020-03-23T04:24:32Z" duration-ms="0" status="PASS">
          <reporter-output>
          </reporter-output>
        </test-method> <!-- elementsUi -->
      </class> <!-- MyMavenProjects.SeleniumTest -->
      <class name="MyMavenProjects.AppiumTest">
        <test-method signature="NativeApp()[pri:0, instance:MyMavenProjects.AppiumTest@1da2cb77]" started-at="2020-03-23T04:24:32Z" name="NativeApp" finished-at="2020-03-23T04:24:32Z" duration-ms="0" status="PASS">
          <reporter-output>
          </reporter-output>
        </test-method> <!-- NativeApp -->
      </class> <!-- MyMavenProjects.AppiumTest -->
      <class name="MyMavenProjects.RESTAPITest">
        <test-method signature="deleteTwitter()[pri:0, instance:MyMavenProjects.RESTAPITest@48f278eb]" started-at="2020-03-23T04:24:32Z" name="deleteTwitter" finished-at="2020-03-23T04:24:32Z" duration-ms="0" status="PASS">
          <reporter-output>
          </reporter-output>
        </test-method> <!-- deleteTwitter -->
        <test-method signature="postJira()[pri:0, instance:MyMavenProjects.RESTAPITest@48f278eb]" started-at="2020-03-23T04:24:32Z" name="postJira" finished-at="2020-03-23T04:24:32Z" duration-ms="0" status="PASS">
          <reporter-output>
          </reporter-output>
        </test-method> <!-- postJira -->
      </class> <!-- MyMavenProjects.RESTAPITest -->
    </test> <!-- Test -->
  </suite> <!-- Suite -->
</testng-results>
