<?xml version="1.0" encoding="UTF-8"?>
<testng-results ignored="0" total="1" passed="1" failed="0" skipped="0">
  <reporter-output>
  </reporter-output>
  <suite started-at="2020-05-29T05:19:17Z" name="Default suite" finished-at="2020-05-29T05:19:23Z" duration-ms="6301">
    <groups>
    </groups>
    <test started-at="2020-05-29T05:19:17Z" name="Default test" finished-at="2020-05-29T05:19:23Z" duration-ms="6301">
      <class name="com.inetBanking.testCases.TC_LoginTest_001">
        <test-method is-config="true" signature="setupClass()[pri:0, instance:com.inetBanking.testCases.TC_LoginTest_001@71b3bc45]" started-at="2020-05-29T05:19:17Z" name="setupClass" finished-at="2020-05-29T05:19:21Z" duration-ms="3682" status="PASS">
          <reporter-output>
          </reporter-output>
        </test-method> <!-- setupClass -->
        <test-method signature="loginTest()[pri:0, instance:com.inetBanking.testCases.TC_LoginTest_001@71b3bc45]" started-at="2020-05-29T05:19:21Z" name="loginTest" finished-at="2020-05-29T05:19:23Z" duration-ms="2599" status="PASS">
          <reporter-output>
          </reporter-output>
        </test-method> <!-- loginTest -->
      </class> <!-- com.inetBanking.testCases.TC_LoginTest_001 -->
    </test> <!-- Default test -->
  </suite> <!-- Default suite -->
</testng-results>
